c:\users\user\source\repos\raytraicing\raytraicing\release\vc142.pdb
c:\users\user\source\repos\raytraicing\raytraicing\release\vector3.nativecodeanalysis.sarif
c:\users\user\source\repos\raytraicing\raytraicing\release\vector3.nativecodeanalysis.xml
c:\users\user\source\repos\raytraicing\raytraicing\release\transform.nativecodeanalysis.sarif
c:\users\user\source\repos\raytraicing\raytraicing\release\transform.nativecodeanalysis.xml
c:\users\user\source\repos\raytraicing\raytraicing\release\scene.nativecodeanalysis.sarif
c:\users\user\source\repos\raytraicing\raytraicing\release\scene.nativecodeanalysis.xml
c:\users\user\source\repos\raytraicing\raytraicing\release\raytraicing.nativecodeanalysis.sarif
c:\users\user\source\repos\raytraicing\raytraicing\release\raytraicing.nativecodeanalysis.xml
c:\users\user\source\repos\raytraicing\raytraicing\release\pixel.nativecodeanalysis.sarif
c:\users\user\source\repos\raytraicing\raytraicing\release\pixel.nativecodeanalysis.xml
c:\users\user\source\repos\raytraicing\raytraicing\release\gdi.nativecodeanalysis.sarif
c:\users\user\source\repos\raytraicing\raytraicing\release\gdi.nativecodeanalysis.xml
c:\users\user\source\repos\raytraicing\raytraicing\release\frame.nativecodeanalysis.sarif
c:\users\user\source\repos\raytraicing\raytraicing\release\frame.nativecodeanalysis.xml
c:\users\user\source\repos\raytraicing\raytraicing\release\camera.nativecodeanalysis.sarif
c:\users\user\source\repos\raytraicing\raytraicing\release\camera.nativecodeanalysis.xml
c:\users\user\source\repos\raytraicing\raytraicing\release\camera.obj
c:\users\user\source\repos\raytraicing\raytraicing\release\frame.obj
c:\users\user\source\repos\raytraicing\raytraicing\release\gdi.obj
c:\users\user\source\repos\raytraicing\raytraicing\release\pixel.obj
c:\users\user\source\repos\raytraicing\raytraicing\release\raytraicing.obj
c:\users\user\source\repos\raytraicing\raytraicing\release\scene.obj
c:\users\user\source\repos\raytraicing\raytraicing\release\transform.obj
c:\users\user\source\repos\raytraicing\raytraicing\release\vector3.obj
c:\users\user\source\repos\raytraicing\release\raytraicing.exe
c:\users\user\source\repos\raytraicing\release\raytraicing.pdb
c:\users\user\source\repos\raytraicing\release\raytraicing.ipdb
c:\users\user\source\repos\raytraicing\release\raytraicing.iobj
c:\users\user\source\repos\raytraicing\raytraicing\release\raytraicing.res
c:\users\user\source\repos\raytraicing\raytraicing\release\nativecodeanalysis.read.1.tlog
c:\users\user\source\repos\raytraicing\raytraicing\release\vc.nativecodeanalysis.all.xml
c:\users\user\source\repos\raytraicing\release\raytraicing.exe.lastcodeanalysissucceeded
c:\users\user\source\repos\raytraicing\raytraicing\release\raytraicing.tlog\cl.command.1.tlog
c:\users\user\source\repos\raytraicing\raytraicing\release\raytraicing.tlog\cl.read.1.tlog
c:\users\user\source\repos\raytraicing\raytraicing\release\raytraicing.tlog\cl.write.1.tlog
c:\users\user\source\repos\raytraicing\raytraicing\release\raytraicing.tlog\link.command.1.tlog
c:\users\user\source\repos\raytraicing\raytraicing\release\raytraicing.tlog\link.read.1.tlog
c:\users\user\source\repos\raytraicing\raytraicing\release\raytraicing.tlog\link.write.1.tlog
c:\users\user\source\repos\raytraicing\raytraicing\release\raytraicing.tlog\raytraicing.write.1u.tlog
c:\users\user\source\repos\raytraicing\raytraicing\release\raytraicing.tlog\rc.command.1.tlog
c:\users\user\source\repos\raytraicing\raytraicing\release\raytraicing.tlog\rc.read.1.tlog
c:\users\user\source\repos\raytraicing\raytraicing\release\raytraicing.tlog\rc.write.1.tlog
